0 info it worked if it ends with ok
1 verbose cli [ '/nix/store/a5ibcbcsm473kdr75kj4gpsr28ndnknp-nodejs-0.10.26/bin/node',
1 verbose cli   '/mnt/shared/sbin/npm',
1 verbose cli   'install',
1 verbose cli   '-g',
1 verbose cli   'hexo@2.8.2' ]
2 info using npm@1.4.3
3 info using node@v0.10.28
4 verbose cache add [ 'hexo@2.8.2', null ]
5 verbose cache add name=undefined spec="hexo@2.8.2" args=["hexo@2.8.2",null]
6 verbose parsed url { protocol: null,
6 verbose parsed url   slashes: null,
6 verbose parsed url   auth: null,
6 verbose parsed url   host: null,
6 verbose parsed url   port: null,
6 verbose parsed url   hostname: null,
6 verbose parsed url   hash: null,
6 verbose parsed url   search: null,
6 verbose parsed url   query: null,
6 verbose parsed url   pathname: 'hexo@2.8.2',
6 verbose parsed url   path: 'hexo@2.8.2',
6 verbose parsed url   href: 'hexo@2.8.2' }
7 verbose cache add name="hexo" spec="2.8.2" args=["hexo","2.8.2"]
8 verbose parsed url { protocol: null,
8 verbose parsed url   slashes: null,
8 verbose parsed url   auth: null,
8 verbose parsed url   host: null,
8 verbose parsed url   port: null,
8 verbose parsed url   hostname: null,
8 verbose parsed url   hash: null,
8 verbose parsed url   search: null,
8 verbose parsed url   query: null,
8 verbose parsed url   pathname: '2.8.2',
8 verbose parsed url   path: '2.8.2',
8 verbose parsed url   href: '2.8.2' }
9 verbose addNamed [ 'hexo', '2.8.2' ]
10 verbose addNamed [ '2.8.2', '2.8.2' ]
11 silly lockFile 85a40ab9-hexo-2-8-2 hexo@2.8.2
12 verbose lock hexo@2.8.2 /home/ubuntu/.npm/85a40ab9-hexo-2-8-2.lock
13 verbose url raw hexo/2.8.2
14 verbose url resolving [ 'https://registry.npmjs.org/', './hexo/2.8.2' ]
15 verbose url resolved https://registry.npmjs.org/hexo/2.8.2
16 info trying registry request attempt 1 at 15:36:24
17 verbose etag "A79AUDJ6XI90VLKTMYPS9G5V8"
18 http GET https://registry.npmjs.org/hexo/2.8.2
19 http 200 https://registry.npmjs.org/hexo/2.8.2
20 silly registry.get cb [ 200,
20 silly registry.get   { date: 'Mon, 22 Sep 2014 15:36:25 GMT',
20 silly registry.get     server: 'CouchDB/1.5.0 (Erlang OTP/R16B03)',
20 silly registry.get     etag: '"3YCPFLBYYE1BRCVJ6EL8JCU0L"',
20 silly registry.get     'content-type': 'application/json',
20 silly registry.get     'cache-control': 'max-age=60',
20 silly registry.get     'content-length': '1541',
20 silly registry.get     'accept-ranges': 'bytes',
20 silly registry.get     via: '1.1 varnish',
20 silly registry.get     age: '0',
20 silly registry.get     'x-served-by': 'cache-dfw1826-DFW',
20 silly registry.get     'x-cache': 'MISS',
20 silly registry.get     'x-cache-hits': '0',
20 silly registry.get     'x-timer': 'S1411400185.248271,VS0,VE85',
20 silly registry.get     vary: 'Accept',
20 silly registry.get     'keep-alive': 'timeout=10, max=50',
20 silly registry.get     connection: 'Keep-Alive' } ]
21 silly lockFile 05c019b0-ry-npmjs-org-hexo-hexo-2-8-2-tgz https://registry.npmjs.org/hexo/-/hexo-2.8.2.tgz
22 verbose lock https://registry.npmjs.org/hexo/-/hexo-2.8.2.tgz /home/ubuntu/.npm/05c019b0-ry-npmjs-org-hexo-hexo-2-8-2-tgz.lock
23 verbose addRemoteTarball [ 'https://registry.npmjs.org/hexo/-/hexo-2.8.2.tgz',
23 verbose addRemoteTarball   '30aa5b9d4b8c99a6e932e4fb2b4a3c6565b0c056' ]
24 info retry fetch attempt 1 at 15:36:25
25 verbose fetch to= /home/ubuntu/tmp/npm-961-vXlhJALc/1411400185373-0.38971575489267707/tmp.tgz
26 http GET https://registry.npmjs.org/hexo/-/hexo-2.8.2.tgz
27 http 200 https://registry.npmjs.org/hexo/-/hexo-2.8.2.tgz
28 verbose tar unpack /home/ubuntu/tmp/npm-961-vXlhJALc/1411400185373-0.38971575489267707/tmp.tgz
29 silly lockFile 19602616-5373-0-38971575489267707-package tar:///home/ubuntu/tmp/npm-961-vXlhJALc/1411400185373-0.38971575489267707/package
30 verbose lock tar:///home/ubuntu/tmp/npm-961-vXlhJALc/1411400185373-0.38971575489267707/package /home/ubuntu/.npm/19602616-5373-0-38971575489267707-package.lock
31 silly lockFile fad6faf8-5373-0-38971575489267707-tmp-tgz tar:///home/ubuntu/tmp/npm-961-vXlhJALc/1411400185373-0.38971575489267707/tmp.tgz
32 verbose lock tar:///home/ubuntu/tmp/npm-961-vXlhJALc/1411400185373-0.38971575489267707/tmp.tgz /home/ubuntu/.npm/fad6faf8-5373-0-38971575489267707-tmp-tgz.lock
33 silly gunzTarPerm modes [ '755', '644' ]
34 silly gunzTarPerm extractEntry package.json
35 silly gunzTarPerm extractEntry .npmignore
36 silly gunzTarPerm extractEntry README.md
37 silly gunzTarPerm extractEntry LICENSE
38 silly gunzTarPerm modified mode [ 'LICENSE', 438, 420 ]
39 silly gunzTarPerm extractEntry gulpfile.js
40 silly gunzTarPerm extractEntry assets/package.json
41 silly gunzTarPerm extractEntry assets/_config.yml
42 silly gunzTarPerm extractEntry assets/gitignore
43 silly gunzTarPerm extractEntry assets/scaffolds/draft.md
44 silly gunzTarPerm extractEntry assets/scaffolds/page.md
45 silly gunzTarPerm extractEntry assets/scaffolds/photo.md
46 silly gunzTarPerm extractEntry assets/scaffolds/post.md
47 silly gunzTarPerm extractEntry assets/source/_posts/hello-world.md
48 silly gunzTarPerm extractEntry assets/themes/landscape/package.json
49 silly gunzTarPerm extractEntry assets/themes/landscape/.npmignore
50 silly gunzTarPerm extractEntry assets/themes/landscape/README.md
51 silly gunzTarPerm extractEntry assets/themes/landscape/LICENSE
52 silly gunzTarPerm extractEntry assets/themes/landscape/Gruntfile.js
53 silly gunzTarPerm extractEntry assets/themes/landscape/_config.yml
54 silly gunzTarPerm extractEntry assets/themes/landscape/layout/_partial/google-analytics.ejs
55 silly gunzTarPerm extractEntry assets/themes/landscape/layout/_partial/after-footer.ejs
56 silly gunzTarPerm extractEntry assets/themes/landscape/layout/_partial/archive.ejs
57 silly gunzTarPerm extractEntry assets/themes/landscape/layout/_partial/article.ejs
58 silly gunzTarPerm extractEntry assets/themes/landscape/layout/_partial/footer.ejs
59 silly gunzTarPerm extractEntry assets/themes/landscape/layout/_partial/archive-post.ejs
60 silly gunzTarPerm extractEntry assets/themes/landscape/layout/_partial/head.ejs
61 silly gunzTarPerm extractEntry assets/themes/landscape/layout/_partial/header.ejs
62 silly gunzTarPerm extractEntry assets/themes/landscape/layout/_partial/mobile-nav.ejs
63 silly gunzTarPerm extractEntry assets/themes/landscape/layout/_partial/post/category.ejs
64 silly gunzTarPerm extractEntry assets/themes/landscape/layout/_partial/post/date.ejs
65 silly gunzTarPerm extractEntry assets/themes/landscape/layout/_partial/post/gallery.ejs
66 silly gunzTarPerm extractEntry assets/themes/landscape/layout/_partial/post/nav.ejs
67 silly gunzTarPerm extractEntry assets/themes/landscape/layout/_partial/post/tag.ejs
68 silly gunzTarPerm extractEntry assets/themes/landscape/layout/_partial/post/title.ejs
69 silly gunzTarPerm extractEntry assets/themes/landscape/layout/_partial/sidebar.ejs
70 silly gunzTarPerm extractEntry assets/themes/landscape/layout/_widget/archive.ejs
71 silly gunzTarPerm extractEntry assets/themes/landscape/layout/_widget/category.ejs
72 silly gunzTarPerm extractEntry assets/themes/landscape/layout/_widget/recent_posts.ejs
73 silly gunzTarPerm extractEntry assets/themes/landscape/layout/_widget/tag.ejs
74 silly gunzTarPerm extractEntry assets/themes/landscape/layout/_widget/tagcloud.ejs
75 silly gunzTarPerm extractEntry assets/themes/landscape/layout/archive.ejs
76 silly gunzTarPerm extractEntry assets/themes/landscape/layout/category.ejs
77 silly gunzTarPerm extractEntry assets/themes/landscape/layout/index.ejs
78 silly gunzTarPerm extractEntry assets/themes/landscape/layout/layout.ejs
79 silly gunzTarPerm extractEntry assets/themes/landscape/layout/page.ejs
80 silly gunzTarPerm extractEntry assets/themes/landscape/layout/post.ejs
81 silly gunzTarPerm extractEntry assets/themes/landscape/layout/tag.ejs
82 silly gunzTarPerm extractEntry assets/themes/landscape/scripts/fancybox.js
83 silly gunzTarPerm extractEntry assets/themes/landscape/source/css/_extend.styl
84 silly gunzTarPerm extractEntry assets/themes/landscape/source/css/_partial/archive.styl
85 silly gunzTarPerm extractEntry assets/themes/landscape/source/css/_partial/article.styl
86 silly gunzTarPerm extractEntry assets/themes/landscape/source/css/_partial/comment.styl
87 silly gunzTarPerm extractEntry assets/themes/landscape/source/css/_partial/footer.styl
88 silly gunzTarPerm extractEntry assets/themes/landscape/source/css/_partial/header.styl
89 silly gunzTarPerm extractEntry assets/themes/landscape/source/css/_partial/highlight.styl
90 silly gunzTarPerm extractEntry assets/themes/landscape/source/css/_partial/mobile.styl
91 silly gunzTarPerm extractEntry assets/themes/landscape/source/css/_partial/sidebar-aside.styl
92 silly gunzTarPerm extractEntry assets/themes/landscape/source/css/_partial/sidebar-bottom.styl
93 silly gunzTarPerm extractEntry assets/themes/landscape/source/css/_partial/sidebar.styl
94 silly gunzTarPerm extractEntry assets/themes/landscape/source/css/_util/grid.styl
95 silly gunzTarPerm extractEntry assets/themes/landscape/source/css/_util/mixin.styl
96 silly gunzTarPerm extractEntry assets/themes/landscape/source/css/_variables.styl
97 silly gunzTarPerm extractEntry assets/themes/landscape/source/css/fonts/FontAwesome.otf
98 silly gunzTarPerm extractEntry assets/themes/landscape/source/css/fonts/fontawesome-webfont.eot
99 silly gunzTarPerm extractEntry assets/themes/landscape/source/css/fonts/fontawesome-webfont.svg
100 silly gunzTarPerm extractEntry assets/themes/landscape/source/css/fonts/fontawesome-webfont.ttf
101 silly gunzTarPerm extractEntry assets/themes/landscape/source/css/fonts/fontawesome-webfont.woff
102 silly gunzTarPerm extractEntry assets/themes/landscape/source/css/images/banner.jpg
103 silly gunzTarPerm extractEntry assets/themes/landscape/source/css/style.styl
104 silly gunzTarPerm extractEntry assets/themes/landscape/source/fancybox/jquery.fancybox.js
105 silly gunzTarPerm extractEntry assets/themes/landscape/source/fancybox/jquery.fancybox.pack.js
106 silly gunzTarPerm extractEntry assets/themes/landscape/source/fancybox/blank.gif
107 silly gunzTarPerm extractEntry assets/themes/landscape/source/fancybox/fancybox_loading.gif
108 silly gunzTarPerm extractEntry assets/themes/landscape/source/fancybox/fancybox_loading@2x.gif
109 silly gunzTarPerm extractEntry assets/themes/landscape/source/fancybox/fancybox_overlay.png
110 silly gunzTarPerm extractEntry assets/themes/landscape/source/fancybox/fancybox_sprite.png
111 silly gunzTarPerm extractEntry assets/themes/landscape/source/fancybox/fancybox_sprite@2x.png
112 silly gunzTarPerm extractEntry assets/themes/landscape/source/fancybox/helpers/jquery.fancybox-buttons.js
113 silly gunzTarPerm extractEntry assets/themes/landscape/source/fancybox/helpers/jquery.fancybox-media.js
114 silly gunzTarPerm extractEntry assets/themes/landscape/source/fancybox/helpers/jquery.fancybox-thumbs.js
115 silly gunzTarPerm extractEntry assets/themes/landscape/source/fancybox/helpers/fancybox_buttons.png
116 silly gunzTarPerm extractEntry assets/themes/landscape/source/fancybox/helpers/jquery.fancybox-buttons.css
117 silly gunzTarPerm extractEntry assets/themes/landscape/source/fancybox/helpers/jquery.fancybox-thumbs.css
118 silly gunzTarPerm extractEntry assets/themes/landscape/source/fancybox/jquery.fancybox.css
119 silly gunzTarPerm extractEntry assets/themes/landscape/source/js/script.js
120 silly gunzTarPerm extractEntry .travis.yml
121 silly gunzTarPerm extractEntry .jshintrc
122 silly gunzTarPerm extractEntry bin/hexo
123 silly gunzTarPerm extractEntry .gitmodules
124 silly gunzTarPerm extractEntry lib/hexo.js
125 silly gunzTarPerm extractEntry lib/init.js
126 silly gunzTarPerm extractEntry lib/loaders/box.js
127 silly gunzTarPerm extractEntry lib/loaders/config.js
128 silly gunzTarPerm extractEntry lib/loaders/database.js
129 silly gunzTarPerm extractEntry lib/loaders/extend.js
130 silly gunzTarPerm extractEntry lib/loaders/logger.js
131 silly gunzTarPerm extractEntry lib/loaders/plugins.js
132 silly gunzTarPerm extractEntry lib/loaders/scripts.js
133 silly gunzTarPerm extractEntry lib/loaders/update.js
134 silly gunzTarPerm extractEntry lib/extend/console.js
135 silly gunzTarPerm extractEntry lib/extend/deployer.js
136 silly gunzTarPerm extractEntry lib/extend/filter.js
137 silly gunzTarPerm extractEntry lib/extend/generator.js
138 silly gunzTarPerm extractEntry lib/extend/helper.js
139 silly gunzTarPerm extractEntry lib/extend/index.js
140 silly gunzTarPerm extractEntry lib/extend/migrator.js
141 silly gunzTarPerm extractEntry lib/extend/processor.js
142 silly gunzTarPerm extractEntry lib/extend/renderer.js
143 silly gunzTarPerm extractEntry lib/extend/tag.js
144 silly gunzTarPerm extractEntry lib/box/file.js
145 silly gunzTarPerm extractEntry lib/box/index.js
146 silly gunzTarPerm extractEntry lib/box/pattern.js
147 silly gunzTarPerm extractEntry lib/error/extend.js
148 silly gunzTarPerm extractEntry lib/error/index.js
149 silly gunzTarPerm extractEntry lib/core/i18n.js
150 silly gunzTarPerm extractEntry lib/core/index.js
151 silly gunzTarPerm extractEntry lib/core/locals.js
152 silly gunzTarPerm extractEntry lib/core/render.js
153 silly gunzTarPerm extractEntry lib/core/router.js
154 silly gunzTarPerm extractEntry lib/core/scaffold.js
155 silly gunzTarPerm extractEntry lib/core/source.js
156 silly gunzTarPerm extractEntry lib/logger/console.js
157 silly gunzTarPerm extractEntry lib/logger/file.js
158 silly gunzTarPerm extractEntry lib/logger/index.js
159 silly gunzTarPerm extractEntry lib/logger/stream.js
160 silly gunzTarPerm extractEntry lib/model/category.js
161 silly gunzTarPerm modified mode [ 'lib/model/category.js', 438, 420 ]
162 silly gunzTarPerm extractEntry lib/model/index.js
163 silly gunzTarPerm extractEntry lib/model/post.js
164 silly gunzTarPerm extractEntry lib/model/schema.js
165 silly gunzTarPerm extractEntry lib/model/tag.js
166 silly gunzTarPerm modified mode [ 'lib/model/tag.js', 438, 420 ]
167 silly gunzTarPerm extractEntry lib/model/hooks/category.js
168 silly gunzTarPerm modified mode [ 'lib/model/hooks/category.js', 438, 420 ]
169 silly gunzTarPerm extractEntry lib/model/hooks/post.js
170 silly gunzTarPerm extractEntry lib/model/hooks/tag.js
171 silly gunzTarPerm modified mode [ 'lib/model/hooks/tag.js', 438, 420 ]
172 silly gunzTarPerm extractEntry lib/model/types/moment.js
173 silly gunzTarPerm extractEntry lib/plugins/console/clean.js
174 silly gunzTarPerm extractEntry lib/plugins/console/generate.js
175 silly gunzTarPerm extractEntry lib/plugins/console/help.js
176 silly gunzTarPerm extractEntry lib/plugins/console/index.js
177 silly gunzTarPerm extractEntry lib/plugins/console/init.js
178 silly gunzTarPerm extractEntry lib/plugins/console/deploy.js
179 silly gunzTarPerm extractEntry lib/plugins/console/migrate.js
180 silly gunzTarPerm extractEntry lib/plugins/console/new.js
181 silly gunzTarPerm extractEntry lib/plugins/console/publish.js
182 silly gunzTarPerm extractEntry lib/plugins/console/render.js
183 silly gunzTarPerm extractEntry lib/plugins/console/server.js
184 silly gunzTarPerm extractEntry lib/plugins/console/config.js
185 silly gunzTarPerm modified mode [ 'lib/plugins/console/config.js', 438, 420 ]
186 silly gunzTarPerm extractEntry lib/plugins/console/version.js
187 silly gunzTarPerm extractEntry lib/plugins/console/list/index.js
188 silly gunzTarPerm modified mode [ 'lib/plugins/console/list/index.js', 438, 420 ]
189 silly gunzTarPerm extractEntry lib/plugins/console/list/route.js
190 silly gunzTarPerm extractEntry lib/plugins/deployer/git.js
191 silly gunzTarPerm extractEntry lib/plugins/deployer/github.js
192 silly gunzTarPerm extractEntry lib/plugins/deployer/index.js
193 silly gunzTarPerm extractEntry lib/plugins/deployer/openshift.js
194 silly gunzTarPerm extractEntry lib/plugins/deployer/rsync.js
195 silly gunzTarPerm extractEntry lib/plugins/deployer/util.js
196 silly gunzTarPerm extractEntry lib/plugins/deployer/heroku/app.js
197 silly gunzTarPerm modified mode [ 'lib/plugins/deployer/heroku/app.js', 438, 420 ]
198 silly gunzTarPerm extractEntry lib/plugins/deployer/heroku/index.js
199 silly gunzTarPerm extractEntry lib/plugins/deployer/heroku/Procfile
200 silly gunzTarPerm modified mode [ 'lib/plugins/deployer/heroku/Procfile', 438, 420 ]
201 silly gunzTarPerm extractEntry lib/plugins/filter/backtick_code_block.js
202 silly gunzTarPerm extractEntry lib/plugins/filter/excerpt.js
203 silly gunzTarPerm modified mode [ 'lib/plugins/filter/excerpt.js', 438, 420 ]
204 silly gunzTarPerm extractEntry lib/plugins/filter/external_link.js
205 silly gunzTarPerm extractEntry lib/plugins/filter/index.js
206 silly gunzTarPerm extractEntry lib/plugins/filter/new_post_path.js
207 silly gunzTarPerm extractEntry lib/plugins/filter/post_permalink.js
208 silly gunzTarPerm extractEntry lib/plugins/filter/titlecase.js
209 silly gunzTarPerm extractEntry lib/plugins/filter/middlewares/gzip.js
210 silly gunzTarPerm extractEntry lib/plugins/filter/middlewares/header.js
211 silly gunzTarPerm extractEntry lib/plugins/filter/middlewares/logger.js
212 silly gunzTarPerm extractEntry lib/plugins/filter/middlewares/redirect.js
213 silly gunzTarPerm extractEntry lib/plugins/filter/middlewares/route.js
214 silly gunzTarPerm extractEntry lib/plugins/filter/middlewares/static.js
215 silly gunzTarPerm extractEntry lib/plugins/generator/archive.js
216 silly gunzTarPerm extractEntry lib/plugins/generator/asset.js
217 silly gunzTarPerm extractEntry lib/plugins/generator/category.js
218 silly gunzTarPerm extractEntry lib/plugins/generator/home.js
219 silly gunzTarPerm extractEntry lib/plugins/generator/index.js
220 silly gunzTarPerm extractEntry lib/plugins/generator/page.js
221 silly gunzTarPerm extractEntry lib/plugins/generator/paginator.js
222 silly gunzTarPerm extractEntry lib/plugins/generator/post.js
223 silly gunzTarPerm extractEntry lib/plugins/generator/tag.js
224 silly gunzTarPerm extractEntry lib/plugins/helper/date.js
225 silly gunzTarPerm modified mode [ 'lib/plugins/helper/date.js', 438, 420 ]
226 silly gunzTarPerm extractEntry lib/plugins/helper/index.js
227 silly gunzTarPerm extractEntry lib/plugins/helper/is.js
228 silly gunzTarPerm extractEntry lib/plugins/helper/list.js
229 silly gunzTarPerm extractEntry lib/plugins/helper/gravatar.js
230 silly gunzTarPerm extractEntry lib/plugins/helper/number.js
231 silly gunzTarPerm extractEntry lib/plugins/helper/open_graph.js
232 silly gunzTarPerm extractEntry lib/plugins/helper/paginator.js
233 silly gunzTarPerm extractEntry lib/plugins/helper/partial.js
234 silly gunzTarPerm extractEntry lib/plugins/helper/tag.js
235 silly gunzTarPerm extractEntry lib/plugins/helper/fragment_cache.js
236 silly gunzTarPerm extractEntry lib/plugins/helper/tagcloud.js
237 silly gunzTarPerm extractEntry lib/plugins/helper/format.js
238 silly gunzTarPerm extractEntry lib/plugins/helper/toc.js
239 silly gunzTarPerm extractEntry lib/plugins/helper/form.js
240 silly gunzTarPerm extractEntry lib/plugins/helper/url.js
241 silly gunzTarPerm extractEntry lib/plugins/helper/list_post.js
242 silly gunzTarPerm extractEntry lib/plugins/processor/asset.js
243 silly gunzTarPerm extractEntry lib/plugins/processor/index.js
244 silly gunzTarPerm extractEntry lib/plugins/processor/page.js
245 silly gunzTarPerm extractEntry lib/plugins/processor/post.js
246 silly gunzTarPerm extractEntry lib/plugins/processor/post_asset.js
247 silly gunzTarPerm extractEntry lib/plugins/renderer/html.js
248 silly gunzTarPerm modified mode [ 'lib/plugins/renderer/html.js', 438, 420 ]
249 silly gunzTarPerm extractEntry lib/plugins/renderer/index.js
250 silly gunzTarPerm extractEntry lib/plugins/renderer/swig.js
251 silly gunzTarPerm extractEntry lib/plugins/renderer/yaml.js
252 silly gunzTarPerm extractEntry lib/plugins/tag/blockquote.js
253 silly gunzTarPerm extractEntry lib/plugins/tag/iframe.js
254 silly gunzTarPerm extractEntry lib/plugins/tag/img.js
255 silly gunzTarPerm extractEntry lib/plugins/tag/include_code.js
256 silly gunzTarPerm extractEntry lib/plugins/tag/gist.js
257 silly gunzTarPerm extractEntry lib/plugins/tag/jsfiddle.js
258 silly gunzTarPerm extractEntry lib/plugins/tag/link.js
259 silly gunzTarPerm extractEntry lib/plugins/tag/pullquote.js
260 silly gunzTarPerm extractEntry lib/plugins/tag/raw.js
261 silly gunzTarPerm extractEntry lib/plugins/tag/vimeo.js
262 silly gunzTarPerm extractEntry lib/plugins/tag/code.js
263 silly gunzTarPerm extractEntry lib/plugins/tag/youtube.js
264 silly gunzTarPerm extractEntry lib/plugins/tag/index.js
265 silly gunzTarPerm extractEntry lib/post/create.js
266 silly gunzTarPerm extractEntry lib/post/index.js
267 silly gunzTarPerm extractEntry lib/post/load.js
268 silly gunzTarPerm extractEntry lib/post/publish.js
269 silly gunzTarPerm extractEntry lib/post/render.js
270 silly gunzTarPerm extractEntry lib/theme/index.js
271 silly gunzTarPerm extractEntry lib/theme/view.js
272 silly gunzTarPerm extractEntry lib/theme/processors/config.js
273 silly gunzTarPerm extractEntry lib/theme/processors/i18n.js
274 silly gunzTarPerm extractEntry lib/theme/processors/source.js
275 silly gunzTarPerm extractEntry lib/theme/processors/view.js
276 silly gunzTarPerm extractEntry lib/util/escape.js
277 silly gunzTarPerm extractEntry lib/util/file2.js
278 silly gunzTarPerm extractEntry lib/util/format.js
279 silly gunzTarPerm extractEntry lib/util/highlight.js
280 silly gunzTarPerm extractEntry lib/util/file.js
281 silly gunzTarPerm extractEntry lib/util/index.js
282 silly gunzTarPerm extractEntry lib/util/inflector.js
283 silly gunzTarPerm extractEntry lib/util/permalink.js
284 silly gunzTarPerm extractEntry lib/util/pool.js
285 silly gunzTarPerm extractEntry lib/util/server.js
286 silly gunzTarPerm extractEntry lib/util/exec.js
287 silly gunzTarPerm extractEntry lib/util/spawn.js
288 silly gunzTarPerm extractEntry lib/util/html_tag.js
289 silly gunzTarPerm extractEntry Makefile
290 silly lockFile 19602616-5373-0-38971575489267707-package tar:///home/ubuntu/tmp/npm-961-vXlhJALc/1411400185373-0.38971575489267707/package
291 silly lockFile 19602616-5373-0-38971575489267707-package tar:///home/ubuntu/tmp/npm-961-vXlhJALc/1411400185373-0.38971575489267707/package
292 silly lockFile fad6faf8-5373-0-38971575489267707-tmp-tgz tar:///home/ubuntu/tmp/npm-961-vXlhJALc/1411400185373-0.38971575489267707/tmp.tgz
293 silly lockFile fad6faf8-5373-0-38971575489267707-tmp-tgz tar:///home/ubuntu/tmp/npm-961-vXlhJALc/1411400185373-0.38971575489267707/tmp.tgz
294 verbose tar pack [ '/home/ubuntu/.npm/hexo/2.8.2/package.tgz',
294 verbose tar pack   '/home/ubuntu/tmp/npm-961-vXlhJALc/1411400185373-0.38971575489267707/package' ]
295 verbose tarball /home/ubuntu/.npm/hexo/2.8.2/package.tgz
296 verbose folder /home/ubuntu/tmp/npm-961-vXlhJALc/1411400185373-0.38971575489267707/package
297 silly lockFile 19602616-5373-0-38971575489267707-package tar:///home/ubuntu/tmp/npm-961-vXlhJALc/1411400185373-0.38971575489267707/package
298 verbose lock tar:///home/ubuntu/tmp/npm-961-vXlhJALc/1411400185373-0.38971575489267707/package /home/ubuntu/.npm/19602616-5373-0-38971575489267707-package.lock
299 silly lockFile fcb43c5a-buntu-npm-hexo-2-8-2-package-tgz tar:///home/ubuntu/.npm/hexo/2.8.2/package.tgz
300 verbose lock tar:///home/ubuntu/.npm/hexo/2.8.2/package.tgz /home/ubuntu/.npm/fcb43c5a-buntu-npm-hexo-2-8-2-package-tgz.lock
301 silly lockFile 19602616-5373-0-38971575489267707-package tar:///home/ubuntu/tmp/npm-961-vXlhJALc/1411400185373-0.38971575489267707/package
302 silly lockFile 19602616-5373-0-38971575489267707-package tar:///home/ubuntu/tmp/npm-961-vXlhJALc/1411400185373-0.38971575489267707/package
303 silly lockFile fcb43c5a-buntu-npm-hexo-2-8-2-package-tgz tar:///home/ubuntu/.npm/hexo/2.8.2/package.tgz
304 silly lockFile fcb43c5a-buntu-npm-hexo-2-8-2-package-tgz tar:///home/ubuntu/.npm/hexo/2.8.2/package.tgz
305 silly lockFile d67d4ec3-me-ubuntu-npm-hexo-2-8-2-package /home/ubuntu/.npm/hexo/2.8.2/package
306 verbose lock /home/ubuntu/.npm/hexo/2.8.2/package /home/ubuntu/.npm/d67d4ec3-me-ubuntu-npm-hexo-2-8-2-package.lock
307 silly lockFile d67d4ec3-me-ubuntu-npm-hexo-2-8-2-package /home/ubuntu/.npm/hexo/2.8.2/package
308 silly lockFile d67d4ec3-me-ubuntu-npm-hexo-2-8-2-package /home/ubuntu/.npm/hexo/2.8.2/package
309 verbose tar unpack /home/ubuntu/.npm/hexo/2.8.2/package.tgz
310 silly lockFile 7c15ea54-me-ubuntu-npm-hexo-2-8-2-package tar:///home/ubuntu/.npm/hexo/2.8.2/package
311 verbose lock tar:///home/ubuntu/.npm/hexo/2.8.2/package /home/ubuntu/.npm/7c15ea54-me-ubuntu-npm-hexo-2-8-2-package.lock
312 silly lockFile fcb43c5a-buntu-npm-hexo-2-8-2-package-tgz tar:///home/ubuntu/.npm/hexo/2.8.2/package.tgz
313 verbose lock tar:///home/ubuntu/.npm/hexo/2.8.2/package.tgz /home/ubuntu/.npm/fcb43c5a-buntu-npm-hexo-2-8-2-package-tgz.lock
314 silly gunzTarPerm modes [ '755', '644' ]
315 silly gunzTarPerm extractEntry package.json
316 silly gunzTarPerm extractEntry .npmignore
317 silly gunzTarPerm extractEntry README.md
318 silly gunzTarPerm extractEntry LICENSE
319 silly gunzTarPerm extractEntry gulpfile.js
320 silly gunzTarPerm extractEntry .travis.yml
321 silly gunzTarPerm extractEntry Makefile
322 silly gunzTarPerm extractEntry .jshintrc
323 silly gunzTarPerm extractEntry assets/package.json
324 silly gunzTarPerm extractEntry assets/_config.yml
325 silly gunzTarPerm extractEntry assets/gitignore
326 silly gunzTarPerm extractEntry assets/scaffolds/draft.md
327 silly gunzTarPerm extractEntry assets/scaffolds/page.md
328 silly gunzTarPerm extractEntry assets/scaffolds/photo.md
329 silly gunzTarPerm extractEntry assets/scaffolds/post.md
330 silly gunzTarPerm extractEntry assets/source/_posts/hello-world.md
331 silly gunzTarPerm extractEntry assets/themes/landscape/package.json
332 silly gunzTarPerm extractEntry assets/themes/landscape/.npmignore
333 silly gunzTarPerm extractEntry assets/themes/landscape/README.md
334 silly gunzTarPerm extractEntry assets/themes/landscape/LICENSE
335 silly gunzTarPerm extractEntry assets/themes/landscape/Gruntfile.js
336 silly gunzTarPerm extractEntry assets/themes/landscape/_config.yml
337 silly gunzTarPerm extractEntry assets/themes/landscape/layout/_partial/google-analytics.ejs
338 silly gunzTarPerm extractEntry assets/themes/landscape/layout/_partial/after-footer.ejs
339 silly gunzTarPerm extractEntry assets/themes/landscape/layout/_partial/archive.ejs
340 silly gunzTarPerm extractEntry assets/themes/landscape/layout/_partial/article.ejs
341 silly gunzTarPerm extractEntry assets/themes/landscape/layout/_partial/footer.ejs
342 silly gunzTarPerm extractEntry assets/themes/landscape/layout/_partial/archive-post.ejs
343 silly gunzTarPerm extractEntry assets/themes/landscape/layout/_partial/head.ejs
344 silly gunzTarPerm extractEntry assets/themes/landscape/layout/_partial/header.ejs
345 silly gunzTarPerm extractEntry assets/themes/landscape/layout/_partial/mobile-nav.ejs
346 silly gunzTarPerm extractEntry assets/themes/landscape/layout/_partial/post/category.ejs
347 silly gunzTarPerm extractEntry assets/themes/landscape/layout/_partial/post/date.ejs
348 silly gunzTarPerm extractEntry assets/themes/landscape/layout/_partial/post/gallery.ejs
349 silly gunzTarPerm extractEntry assets/themes/landscape/layout/_partial/post/nav.ejs
350 silly gunzTarPerm extractEntry assets/themes/landscape/layout/_partial/post/tag.ejs
351 silly gunzTarPerm extractEntry assets/themes/landscape/layout/_partial/post/title.ejs
352 silly gunzTarPerm extractEntry assets/themes/landscape/layout/_partial/sidebar.ejs
353 silly gunzTarPerm extractEntry assets/themes/landscape/layout/_widget/archive.ejs
354 silly gunzTarPerm extractEntry assets/themes/landscape/layout/_widget/category.ejs
355 silly gunzTarPerm extractEntry assets/themes/landscape/layout/_widget/recent_posts.ejs
356 silly gunzTarPerm extractEntry assets/themes/landscape/layout/_widget/tag.ejs
357 silly gunzTarPerm extractEntry assets/themes/landscape/layout/_widget/tagcloud.ejs
358 silly gunzTarPerm extractEntry assets/themes/landscape/layout/archive.ejs
359 silly gunzTarPerm extractEntry assets/themes/landscape/layout/category.ejs
360 silly gunzTarPerm extractEntry assets/themes/landscape/layout/index.ejs
361 silly gunzTarPerm extractEntry assets/themes/landscape/layout/layout.ejs
362 silly gunzTarPerm extractEntry assets/themes/landscape/layout/page.ejs
363 silly gunzTarPerm extractEntry assets/themes/landscape/layout/post.ejs
364 silly gunzTarPerm extractEntry assets/themes/landscape/layout/tag.ejs
365 silly gunzTarPerm extractEntry assets/themes/landscape/scripts/fancybox.js
366 silly gunzTarPerm extractEntry assets/themes/landscape/source/css/_extend.styl
367 silly gunzTarPerm extractEntry assets/themes/landscape/source/css/_partial/archive.styl
368 silly gunzTarPerm extractEntry assets/themes/landscape/source/css/_partial/article.styl
369 silly gunzTarPerm extractEntry assets/themes/landscape/source/css/_partial/comment.styl
370 silly gunzTarPerm extractEntry assets/themes/landscape/source/css/_partial/footer.styl
371 silly gunzTarPerm extractEntry assets/themes/landscape/source/css/_partial/header.styl
372 silly gunzTarPerm extractEntry assets/themes/landscape/source/css/_partial/highlight.styl
373 silly gunzTarPerm extractEntry assets/themes/landscape/source/css/_partial/mobile.styl
374 silly gunzTarPerm extractEntry assets/themes/landscape/source/css/_partial/sidebar-aside.styl
375 silly gunzTarPerm extractEntry assets/themes/landscape/source/css/_partial/sidebar-bottom.styl
376 silly gunzTarPerm extractEntry assets/themes/landscape/source/css/_partial/sidebar.styl
377 silly gunzTarPerm extractEntry assets/themes/landscape/source/css/_util/grid.styl
378 silly gunzTarPerm extractEntry assets/themes/landscape/source/css/_util/mixin.styl
379 silly gunzTarPerm extractEntry assets/themes/landscape/source/css/_variables.styl
380 silly gunzTarPerm extractEntry assets/themes/landscape/source/css/fonts/FontAwesome.otf
381 silly gunzTarPerm extractEntry assets/themes/landscape/source/css/fonts/fontawesome-webfont.eot
382 silly gunzTarPerm extractEntry assets/themes/landscape/source/css/fonts/fontawesome-webfont.svg
383 silly gunzTarPerm extractEntry assets/themes/landscape/source/css/fonts/fontawesome-webfont.ttf
384 silly gunzTarPerm extractEntry assets/themes/landscape/source/css/fonts/fontawesome-webfont.woff
385 silly gunzTarPerm extractEntry assets/themes/landscape/source/css/images/banner.jpg
386 silly gunzTarPerm extractEntry assets/themes/landscape/source/css/style.styl
387 silly gunzTarPerm extractEntry assets/themes/landscape/source/fancybox/jquery.fancybox.js
388 silly gunzTarPerm extractEntry assets/themes/landscape/source/fancybox/jquery.fancybox.pack.js
389 silly gunzTarPerm extractEntry assets/themes/landscape/source/fancybox/blank.gif
390 silly gunzTarPerm extractEntry assets/themes/landscape/source/fancybox/fancybox_loading.gif
391 silly gunzTarPerm extractEntry assets/themes/landscape/source/fancybox/fancybox_loading@2x.gif
392 silly gunzTarPerm extractEntry assets/themes/landscape/source/fancybox/fancybox_overlay.png
393 silly gunzTarPerm extractEntry assets/themes/landscape/source/fancybox/fancybox_sprite.png
394 silly gunzTarPerm extractEntry assets/themes/landscape/source/fancybox/fancybox_sprite@2x.png
395 silly gunzTarPerm extractEntry assets/themes/landscape/source/fancybox/helpers/jquery.fancybox-buttons.js
396 silly gunzTarPerm extractEntry assets/themes/landscape/source/fancybox/helpers/jquery.fancybox-media.js
397 silly gunzTarPerm extractEntry assets/themes/landscape/source/fancybox/helpers/jquery.fancybox-thumbs.js
398 silly gunzTarPerm extractEntry assets/themes/landscape/source/fancybox/helpers/fancybox_buttons.png
399 silly gunzTarPerm extractEntry assets/themes/landscape/source/fancybox/helpers/jquery.fancybox-buttons.css
400 silly gunzTarPerm extractEntry assets/themes/landscape/source/fancybox/helpers/jquery.fancybox-thumbs.css
401 silly gunzTarPerm extractEntry assets/themes/landscape/source/fancybox/jquery.fancybox.css
402 silly gunzTarPerm extractEntry assets/themes/landscape/source/js/script.js
403 silly gunzTarPerm extractEntry bin/hexo
404 silly gunzTarPerm extractEntry lib/hexo.js
405 silly gunzTarPerm extractEntry lib/init.js
406 silly gunzTarPerm extractEntry lib/loaders/box.js
407 silly gunzTarPerm extractEntry lib/loaders/config.js
408 silly gunzTarPerm extractEntry lib/loaders/database.js
409 silly gunzTarPerm extractEntry lib/loaders/extend.js
410 silly gunzTarPerm extractEntry lib/loaders/logger.js
411 silly gunzTarPerm extractEntry lib/loaders/plugins.js
412 silly gunzTarPerm extractEntry lib/loaders/scripts.js
413 silly gunzTarPerm extractEntry lib/loaders/update.js
414 silly gunzTarPerm extractEntry lib/extend/console.js
415 silly gunzTarPerm extractEntry lib/extend/deployer.js
416 silly gunzTarPerm extractEntry lib/extend/filter.js
417 silly gunzTarPerm extractEntry lib/extend/generator.js
418 silly gunzTarPerm extractEntry lib/extend/helper.js
419 silly gunzTarPerm extractEntry lib/extend/index.js
420 silly gunzTarPerm extractEntry lib/extend/migrator.js
421 silly gunzTarPerm extractEntry lib/extend/processor.js
422 silly gunzTarPerm extractEntry lib/extend/renderer.js
423 silly gunzTarPerm extractEntry lib/extend/tag.js
424 silly gunzTarPerm extractEntry lib/box/file.js
425 silly gunzTarPerm extractEntry lib/box/index.js
426 silly gunzTarPerm extractEntry lib/box/pattern.js
427 silly gunzTarPerm extractEntry lib/error/extend.js
428 silly gunzTarPerm extractEntry lib/error/index.js
429 silly gunzTarPerm extractEntry lib/core/i18n.js
430 silly gunzTarPerm extractEntry lib/core/index.js
431 silly gunzTarPerm extractEntry lib/core/locals.js
432 silly gunzTarPerm extractEntry lib/core/render.js
433 silly gunzTarPerm extractEntry lib/core/router.js
434 silly gunzTarPerm extractEntry lib/core/scaffold.js
435 silly gunzTarPerm extractEntry lib/core/source.js
436 silly gunzTarPerm extractEntry lib/logger/console.js
437 silly gunzTarPerm extractEntry lib/logger/file.js
438 silly gunzTarPerm extractEntry lib/logger/index.js
439 silly gunzTarPerm extractEntry lib/logger/stream.js
440 silly gunzTarPerm extractEntry lib/model/category.js
441 silly gunzTarPerm extractEntry lib/model/index.js
442 silly gunzTarPerm extractEntry lib/model/post.js
443 silly gunzTarPerm extractEntry lib/model/schema.js
444 silly gunzTarPerm extractEntry lib/model/tag.js
445 silly gunzTarPerm extractEntry lib/model/hooks/category.js
446 silly gunzTarPerm extractEntry lib/model/hooks/post.js
447 silly gunzTarPerm extractEntry lib/model/hooks/tag.js
448 silly gunzTarPerm extractEntry lib/model/types/moment.js
449 silly gunzTarPerm extractEntry lib/plugins/console/clean.js
450 silly gunzTarPerm extractEntry lib/plugins/console/generate.js
451 silly gunzTarPerm extractEntry lib/plugins/console/help.js
452 silly gunzTarPerm extractEntry lib/plugins/console/index.js
453 silly gunzTarPerm extractEntry lib/plugins/console/init.js
454 silly gunzTarPerm extractEntry lib/plugins/console/deploy.js
455 silly gunzTarPerm extractEntry lib/plugins/console/migrate.js
456 silly gunzTarPerm extractEntry lib/plugins/console/new.js
457 silly gunzTarPerm extractEntry lib/plugins/console/publish.js
458 silly gunzTarPerm extractEntry lib/plugins/console/render.js
459 silly gunzTarPerm extractEntry lib/plugins/console/server.js
460 silly gunzTarPerm extractEntry lib/plugins/console/config.js
461 silly gunzTarPerm extractEntry lib/plugins/console/version.js
462 silly gunzTarPerm extractEntry lib/plugins/console/list/index.js
463 silly gunzTarPerm extractEntry lib/plugins/console/list/route.js
464 silly gunzTarPerm extractEntry lib/plugins/deployer/git.js
465 silly gunzTarPerm extractEntry lib/plugins/deployer/github.js
466 silly gunzTarPerm extractEntry lib/plugins/deployer/index.js
467 silly gunzTarPerm extractEntry lib/plugins/deployer/openshift.js
468 silly gunzTarPerm extractEntry lib/plugins/deployer/rsync.js
469 silly gunzTarPerm extractEntry lib/plugins/deployer/util.js
470 silly gunzTarPerm extractEntry lib/plugins/deployer/heroku/app.js
471 silly gunzTarPerm extractEntry lib/plugins/deployer/heroku/index.js
472 silly gunzTarPerm extractEntry lib/plugins/deployer/heroku/Procfile
473 silly gunzTarPerm extractEntry lib/plugins/filter/backtick_code_block.js
474 silly gunzTarPerm extractEntry lib/plugins/filter/excerpt.js
475 silly gunzTarPerm extractEntry lib/plugins/filter/external_link.js
476 silly gunzTarPerm extractEntry lib/plugins/filter/index.js
477 silly gunzTarPerm extractEntry lib/plugins/filter/new_post_path.js
478 silly gunzTarPerm extractEntry lib/plugins/filter/post_permalink.js
479 silly gunzTarPerm extractEntry lib/plugins/filter/titlecase.js
480 silly gunzTarPerm extractEntry lib/plugins/filter/middlewares/gzip.js
481 silly gunzTarPerm extractEntry lib/plugins/filter/middlewares/header.js
482 silly gunzTarPerm extractEntry lib/plugins/filter/middlewares/logger.js
483 silly gunzTarPerm extractEntry lib/plugins/filter/middlewares/redirect.js
484 silly gunzTarPerm extractEntry lib/plugins/filter/middlewares/route.js
485 silly gunzTarPerm extractEntry lib/plugins/filter/middlewares/static.js
486 silly gunzTarPerm extractEntry lib/plugins/generator/archive.js
487 silly gunzTarPerm extractEntry lib/plugins/generator/asset.js
488 silly gunzTarPerm extractEntry lib/plugins/generator/category.js
489 silly gunzTarPerm extractEntry lib/plugins/generator/home.js
490 silly gunzTarPerm extractEntry lib/plugins/generator/index.js
491 silly gunzTarPerm extractEntry lib/plugins/generator/page.js
492 silly gunzTarPerm extractEntry lib/plugins/generator/paginator.js
493 silly gunzTarPerm extractEntry lib/plugins/generator/post.js
494 silly gunzTarPerm extractEntry lib/plugins/generator/tag.js
495 silly gunzTarPerm extractEntry lib/plugins/helper/date.js
496 silly gunzTarPerm extractEntry lib/plugins/helper/index.js
497 silly gunzTarPerm extractEntry lib/plugins/helper/is.js
498 silly gunzTarPerm extractEntry lib/plugins/helper/list.js
499 silly gunzTarPerm extractEntry lib/plugins/helper/gravatar.js
500 silly gunzTarPerm extractEntry lib/plugins/helper/number.js
501 silly gunzTarPerm extractEntry lib/plugins/helper/open_graph.js
502 silly gunzTarPerm extractEntry lib/plugins/helper/paginator.js
503 silly gunzTarPerm extractEntry lib/plugins/helper/partial.js
504 silly gunzTarPerm extractEntry lib/plugins/helper/tag.js
505 silly gunzTarPerm extractEntry lib/plugins/helper/fragment_cache.js
506 silly gunzTarPerm extractEntry lib/plugins/helper/tagcloud.js
507 silly gunzTarPerm extractEntry lib/plugins/helper/format.js
508 silly gunzTarPerm extractEntry lib/plugins/helper/toc.js
509 silly gunzTarPerm extractEntry lib/plugins/helper/form.js
510 silly gunzTarPerm extractEntry lib/plugins/helper/url.js
511 silly gunzTarPerm extractEntry lib/plugins/helper/list_post.js
512 silly gunzTarPerm extractEntry lib/plugins/processor/asset.js
513 silly gunzTarPerm extractEntry lib/plugins/processor/index.js
514 silly gunzTarPerm extractEntry lib/plugins/processor/page.js
515 silly gunzTarPerm extractEntry lib/plugins/processor/post.js
516 silly gunzTarPerm extractEntry lib/plugins/processor/post_asset.js
517 silly gunzTarPerm extractEntry lib/plugins/renderer/html.js
518 silly gunzTarPerm extractEntry lib/plugins/renderer/index.js
519 silly gunzTarPerm extractEntry lib/plugins/renderer/swig.js
520 silly gunzTarPerm extractEntry lib/plugins/renderer/yaml.js
521 silly gunzTarPerm extractEntry lib/plugins/tag/blockquote.js
522 silly gunzTarPerm extractEntry lib/plugins/tag/iframe.js
523 silly gunzTarPerm extractEntry lib/plugins/tag/img.js
524 silly gunzTarPerm extractEntry lib/plugins/tag/include_code.js
525 silly gunzTarPerm extractEntry lib/plugins/tag/gist.js
526 silly gunzTarPerm extractEntry lib/plugins/tag/jsfiddle.js
527 silly gunzTarPerm extractEntry lib/plugins/tag/link.js
528 silly gunzTarPerm extractEntry lib/plugins/tag/pullquote.js
529 silly gunzTarPerm extractEntry lib/plugins/tag/raw.js
530 silly gunzTarPerm extractEntry lib/plugins/tag/vimeo.js
531 silly gunzTarPerm extractEntry lib/plugins/tag/code.js
532 silly gunzTarPerm extractEntry lib/plugins/tag/youtube.js
533 silly gunzTarPerm extractEntry lib/plugins/tag/index.js
534 silly gunzTarPerm extractEntry lib/post/create.js
535 silly gunzTarPerm extractEntry lib/post/index.js
536 silly gunzTarPerm extractEntry lib/post/load.js
537 silly gunzTarPerm extractEntry lib/post/publish.js
538 silly gunzTarPerm extractEntry lib/post/render.js
539 silly gunzTarPerm extractEntry lib/theme/index.js
540 silly gunzTarPerm extractEntry lib/theme/view.js
541 silly gunzTarPerm extractEntry lib/theme/processors/config.js
542 silly gunzTarPerm extractEntry lib/theme/processors/i18n.js
543 silly gunzTarPerm extractEntry lib/theme/processors/source.js
544 silly gunzTarPerm extractEntry lib/theme/processors/view.js
545 silly gunzTarPerm extractEntry lib/util/escape.js
546 silly gunzTarPerm extractEntry lib/util/file2.js
547 silly gunzTarPerm extractEntry lib/util/format.js
548 silly gunzTarPerm extractEntry lib/util/highlight.js
549 silly gunzTarPerm extractEntry lib/util/file.js
550 silly gunzTarPerm extractEntry lib/util/index.js
551 silly gunzTarPerm extractEntry lib/util/inflector.js
552 silly gunzTarPerm extractEntry lib/util/permalink.js
553 silly gunzTarPerm extractEntry lib/util/pool.js
554 silly gunzTarPerm extractEntry lib/util/server.js
555 silly gunzTarPerm extractEntry lib/util/exec.js
556 silly gunzTarPerm extractEntry lib/util/spawn.js
557 silly gunzTarPerm extractEntry lib/util/html_tag.js
558 silly gunzTarPerm extractEntry .gitmodules
559 silly lockFile 7c15ea54-me-ubuntu-npm-hexo-2-8-2-package tar:///home/ubuntu/.npm/hexo/2.8.2/package
560 silly lockFile 7c15ea54-me-ubuntu-npm-hexo-2-8-2-package tar:///home/ubuntu/.npm/hexo/2.8.2/package
561 silly lockFile fcb43c5a-buntu-npm-hexo-2-8-2-package-tgz tar:///home/ubuntu/.npm/hexo/2.8.2/package.tgz
562 silly lockFile fcb43c5a-buntu-npm-hexo-2-8-2-package-tgz tar:///home/ubuntu/.npm/hexo/2.8.2/package.tgz
563 verbose chmod /home/ubuntu/.npm/hexo/2.8.2/package.tgz 644
564 verbose chown /home/ubuntu/.npm/hexo/2.8.2/package.tgz [ 1000, 1000 ]
565 silly lockFile 05c019b0-ry-npmjs-org-hexo-hexo-2-8-2-tgz https://registry.npmjs.org/hexo/-/hexo-2.8.2.tgz
566 silly lockFile 05c019b0-ry-npmjs-org-hexo-hexo-2-8-2-tgz https://registry.npmjs.org/hexo/-/hexo-2.8.2.tgz
567 silly lockFile 85a40ab9-hexo-2-8-2 hexo@2.8.2
568 silly lockFile 85a40ab9-hexo-2-8-2 hexo@2.8.2
569 silly resolved [ { name: 'hexo',
569 silly resolved     version: '2.8.2',
569 silly resolved     description: 'A fast, simple & powerful blog framework, powered by Node.js.',
569 silly resolved     main: 'lib/hexo',
569 silly resolved     bin: { hexo: './bin/hexo' },
569 silly resolved     scripts: { test: 'gulp test' },
569 silly resolved     directories: { lib: './lib', bin: './bin' },
569 silly resolved     engines: { node: '>= 0.10.0' },
569 silly resolved     repository: { type: 'git', url: 'git://github.com/hexojs/hexo.git' },
569 silly resolved     bugs: { url: 'https://github.com/hexojs/hexo/issues' },
569 silly resolved     homepage: 'http://hexo.io/',
569 silly resolved     keywords: [ 'website', 'blog', 'cms', 'framework', 'hexo' ],
569 silly resolved     author:
569 silly resolved      { name: 'Tommy Chen',
569 silly resolved        email: 'tommy351@gmail.com',
569 silly resolved        url: 'http://zespia.tw' },
569 silly resolved     license: 'MIT',
569 silly resolved     dependencies:
569 silly resolved      { async: '^0.9.0',
569 silly resolved        cheerio: '0.17.0',
569 silly resolved        chokidar: '0.8.2',
569 silly resolved        colors: '0.6.2',
569 silly resolved        compression: '^1.0.3',
569 silly resolved        connect: '3.x',
569 silly resolved        'graceful-fs': '^3.0.2',
569 silly resolved        'hexo-front-matter': '0.0.4',
569 silly resolved        'highlight.js': '8.1.0',
569 silly resolved        'js-yaml': '^3.1.0',
569 silly resolved        lodash: '^2.4.1',
569 silly resolved        mime: '^1.2.11',
569 silly resolved        minimist: '0.2.0',
569 silly resolved        moment: '^2.8.1',
569 silly resolved        morgan: '^1.1.1',
569 silly resolved        'serve-static': '^1.2.0',
569 silly resolved        'sprintf-js': '0.0.7',
569 silly resolved        'strip-indent': '^0.1.3',
569 silly resolved        swig: '1.4.1',
569 silly resolved        warehouse: '0.2.2' },
569 silly resolved     devDependencies:
569 silly resolved      { mocha: '^1.20.1',
569 silly resolved        chai: '^1.9.1',
569 silly resolved        gulp: '^3.6.2',
569 silly resolved        'gulp-jshint': '^1.5.5',
569 silly resolved        'gulp-mocha': '^0.5.1',
569 silly resolved        'jshint-stylish': '^0.4.0' },
569 silly resolved     readme: '# Hexo\n\n[![Build Status](https://travis-ci.org/hexojs/hexo.svg?branch=master)](https://travis-ci.org/hexojs/hexo)  [![NPM version](https://badge.fury.io/js/hexo.svg)](http://badge.fury.io/js/hexo)\n\nA fast, simple & powerful blog framework, powered by [Node.js](http://nodejs.org).\n\n## Features\n\n- Blazing fast generating\n- Support for GitHub Flavored Markdown and most Octopress plugins\n- One-command deploy to GitHub Pages, Heroku, etc.\n- Powerful plugin system\n\n## Installation\n\n``` bash\n$ npm install hexo -g\n```\n\n## Quick Start\n\n**Setup your blog**\n\n``` bash\n$ hexo init blog\n$ cd blog\n$ npm install\n```\n\n**Start the server**\n\n``` bash\n$ hexo server\n```\n\n**Create a new post**\n\n``` bash\n$ hexo new "Hello Hexo"\n```\n\n**Generate static files**\n\n``` bash\n$ hexo generate\n```\n\n## More Information\n\n- Read the [documentation](http://hexo.io/)\n- Find solutions in [troubleshooting](http://hexo.io/docs/troubleshooting.html)\n- Join discussion on [Google Group](https://groups.google.com/group/hexo)\n- See the [plugin list](https://github.com/hexojs/hexo/wiki/Plugins) and the [theme list](https://github.com/hexojs/hexo/wiki/Themes) on wiki\n- Follow [@hexojs](https://twitter.com/hexojs) for latest news\n\n## License\n\nMIT',
569 silly resolved     readmeFilename: 'README.md',
569 silly resolved     _id: 'hexo@2.8.2',
569 silly resolved     dist: { shasum: 'b34759a9a9de73a47d4fd7682902370f2a3ab734' },
569 silly resolved     _from: 'hexo@2.8.2',
569 silly resolved     _resolved: 'https://registry.npmjs.org/hexo/-/hexo-2.8.2.tgz' } ]
570 info install hexo@2.8.2 into /nix/store/a5ibcbcsm473kdr75kj4gpsr28ndnknp-nodejs-0.10.26/lib
571 info installOne hexo@2.8.2
572 info /nix/store/a5ibcbcsm473kdr75kj4gpsr28ndnknp-nodejs-0.10.26/lib/node_modules/hexo unbuild
573 info /nix/store/a5ibcbcsm473kdr75kj4gpsr28ndnknp-nodejs-0.10.26/lib/node_modules/hexo unbuild
574 error error rolling back Error: EROFS, unlink '/nix/store/a5ibcbcsm473kdr75kj4gpsr28ndnknp-nodejs-0.10.26/lib/node_modules/hexo'
574 error error rolling back  hexo@2.8.2 { [Error: EROFS, unlink '/nix/store/a5ibcbcsm473kdr75kj4gpsr28ndnknp-nodejs-0.10.26/lib/node_modules/hexo']
574 error error rolling back   errno: 56,
574 error error rolling back   code: 'EROFS',
574 error error rolling back   path: '/nix/store/a5ibcbcsm473kdr75kj4gpsr28ndnknp-nodejs-0.10.26/lib/node_modules/hexo' }
575 error Error: EROFS, unlink '/nix/store/a5ibcbcsm473kdr75kj4gpsr28ndnknp-nodejs-0.10.26/lib/node_modules/hexo'
576 error If you need help, you may report this *entire* log,
576 error including the npm and node versions, at:
576 error     <http://github.com/npm/npm/issues>
577 error System Linux 3.14.12-c9
578 error command "/nix/store/a5ibcbcsm473kdr75kj4gpsr28ndnknp-nodejs-0.10.26/bin/node" "/mnt/shared/sbin/npm" "install" "-g" "hexo@2.8.2"
579 error cwd /home/ubuntu/workspace
580 error node -v v0.10.28
581 error npm -v 1.4.3
582 error path /nix/store/a5ibcbcsm473kdr75kj4gpsr28ndnknp-nodejs-0.10.26/lib/node_modules/hexo
583 error code EROFS
584 error errno 56
585 verbose exit [ 56, true ]
